<?xml version="1.0" encoding="UTF-8"?>
<!-- Generated by org.testng.reporters.JUnitReportReporter -->
<testsuite hostname="Ahamed" failures="0" tests="3" name="mavenpractice.Project_Final2024.LoginTest" time="19.517" errors="0" timestamp="12 Jun 2024 08:18:06 GMT" skipped="0">
  <testcase classname="mavenpractice.Project_Final2024.LoginTest" name="navigation" time="6.053"/>
  <testcase classname="mavenpractice.Project_Final2024.LoginTest" name="navigation" time="6.088"/>
  <testcase classname="mavenpractice.Project_Final2024.LoginTest" name="navigation" time="7.376"/>
</testsuite> <!-- mavenpractice.Project_Final2024.LoginTest -->
